# am version 13.0 (build date Sep 26 2023 19:26:47)

# run time 2.987 s
# dcache hit: 152  miss: 118  discard: 118

f 1 GHz  350 GHz  100 MHz
output f GHz  tau neper  tx none  Trj K  Tb K

tol 0.0001
selfbroad_vmr_tol 0.003

geometry plane-parallel
refract none
za 0 deg
PTmode Pbase Tbase

g 980.665 cm*s^-2
dg_dz 0 s^-2

Nscale troposphere h2o 1

T0 0 K

layer mesosphere
# P 0.1 mbar
# T 219.8 K
# dP 0.1 mbar
Pbase 0.1 mbar
Tbase 219.8 K
Mair 28.964 h2o o3  (28.964)
lineshape Voigt-Kielkopf ch4 co co2 h2o_lines n2o o2_coupled o2_uncoupled o3
column dry_air hydrostatic (0.999992)  (2.12016e+21 cm^-2)
! Warning: Column included 3017 unresolved lines.
column h2o hydrostatic 6.72e-06  (1.42476e+16 cm^-2)
! Warning: Column included 328 unresolved lines.
column o3 hydrostatic 1.73e-06  (3.66791e+15 cm^-2)
! Warning: Column included 7915 unresolved lines.

layer mesosphere
# P 0.2 mbar
# T 233.239 K
# dP 0.2 mbar
Pbase 0.3 mbar
Tbase 241.1 K
Mair 28.964 h2o o3  (28.964)
lineshape Voigt-Kielkopf ch4 co co2 h2o_lines n2o o2_coupled o2_uncoupled o3
column dry_air hydrostatic (0.999992)  (4.24032e+21 cm^-2)
! Warning: Column included 3017 unresolved lines.
column h2o hydrostatic 6.79e-06  (2.8792e+16 cm^-2)
! Warning: Column included 328 unresolved lines.
column o3 hydrostatic 1.64e-06  (6.95418e+15 cm^-2)
! Warning: Column included 7915 unresolved lines.

layer mesosphere
# P 0.35 mbar
# T 244.422 K
# dP 0.1 mbar
Pbase 0.4 mbar
Tbase 247.3 K
Mair 28.964 h2o o3  (28.964)
lineshape Voigt-Kielkopf ch4 co co2 h2o_lines n2o o2_coupled o2_uncoupled o3
column dry_air hydrostatic (0.999992)  (2.12016e+21 cm^-2)
! Warning: Column included 3017 unresolved lines.
column h2o hydrostatic 6.86e-06  (1.45444e+16 cm^-2)
! Warning: Column included 328 unresolved lines.
column o3 hydrostatic 1.64e-06  (3.47709e+15 cm^-2)
! Warning: Column included 7915 unresolved lines.

layer mesosphere
# P 0.45 mbar
# T 250.203 K
# dP 0.1 mbar
Pbase 0.5 mbar
Tbase 252.8 K
Mair 28.964 h2o o3  (28.964)
lineshape Voigt-Kielkopf ch4 co co2 h2o_lines n2o o2_coupled o2_uncoupled o3
column dry_air hydrostatic (0.999991)  (2.12016e+21 cm^-2)
! Warning: Column included 3017 unresolved lines.
column h2o hydrostatic 6.84e-06  (1.4502e+16 cm^-2)
! Warning: Column included 328 unresolved lines.
column o3 hydrostatic 1.83e-06  (3.87993e+15 cm^-2)
! Warning: Column included 7915 unresolved lines.

layer mesosphere
# P 0.6 mbar
# T 257.027 K
# dP 0.2 mbar
Pbase 0.7 mbar
Tbase 260.6 K
Mair 28.964 h2o o3  (28.964)
lineshape Voigt-Kielkopf ch4 co co2 h2o_lines n2o o2_coupled o2_uncoupled o3
column dry_air hydrostatic (0.999991)  (4.24032e+21 cm^-2)
! Warning: Column included 3017 unresolved lines.
column h2o hydrostatic 6.79e-06  (2.8792e+16 cm^-2)
! Warning: Column included 328 unresolved lines.
column o3 hydrostatic 2.17e-06  (9.20157e+15 cm^-2)
! Warning: Column included 7915 unresolved lines.

layer stratosphere
# P 0.85 mbar
# T 262.342 K
# dP 0.3 mbar
Pbase 1 mbar
Tbase 263.8 K
Mair 28.964 h2o o3  (28.964)
lineshape Voigt-Kielkopf ch4 co co2 h2o_lines n2o o2_coupled o2_uncoupled o3
column dry_air hydrostatic (0.999991)  (6.36047e+21 cm^-2)
! Warning: Column included 3017 unresolved lines.
column h2o hydrostatic 6.7e-06  (4.26155e+16 cm^-2)
! Warning: Column included 328 unresolved lines.
column o3 hydrostatic 2.73e-06  (1.73642e+16 cm^-2)
! Warning: Column included 7915 unresolved lines.

layer stratosphere
# P 1.5 mbar
# T 258.243 K
# dP 1 mbar
Pbase 2 mbar
Tbase 254.3 K
Mair 28.964 h2o o3  (28.964)
lineshape Gross ch4 co co2 n2o o2_uncoupled o3
lineshape VVW_coupled o2_coupled
lineshape VVH_750 h2o_lines
column dry_air hydrostatic (0.999989)  (2.12015e+22 cm^-2)
! Warning: Column included 3017 unresolved lines.
column h2o hydrostatic 6.55e-06  (1.38871e+17 cm^-2)
! Warning: Column included 328 unresolved lines.
column o3 hydrostatic 4.12e-06  (8.73512e+16 cm^-2)
! Warning: Column included 7915 unresolved lines.

layer stratosphere
# P 2.5 mbar
# T 249.952 K
# dP 1 mbar
Pbase 3 mbar
Tbase 246.4 K
Mair 28.964 h2o o3  (28.964)
lineshape Gross ch4 co co2 n2o o2_uncoupled o3
lineshape VVW_coupled o2_coupled
lineshape VVH_750 h2o_lines
column dry_air hydrostatic (0.999988)  (2.12015e+22 cm^-2)
! Warning: Column included 3017 unresolved lines.
column h2o hydrostatic 6.36e-06  (1.34843e+17 cm^-2)
! Warning: Column included 328 unresolved lines.
column o3 hydrostatic 6.01e-06  (1.27422e+17 cm^-2)
! Warning: Column included 7915 unresolved lines.

layer stratosphere
# P 3.5 mbar
# T 243.989 K
# dP 1 mbar
Pbase 4 mbar
Tbase 241.9 K
Mair 28.964 h2o o3  (28.9641)
lineshape Gross ch4 co co2 n2o o2_uncoupled o3
lineshape VVW_coupled o2_coupled
lineshape VVH_750 h2o_lines
column dry_air hydrostatic (0.999987)  (2.12014e+22 cm^-2)
! Warning: Column included 3017 unresolved lines.
column h2o hydrostatic 6.13e-06  (1.29966e+17 cm^-2)
! Warning: Column included 328 unresolved lines.
column o3 hydrostatic 7.24e-06  (1.535e+17 cm^-2)
! Warning: Column included 7915 unresolved lines.

layer stratosphere
# P 4.5 mbar
# T 239.841 K
# dP 1 mbar
Pbase 5 mbar
Tbase 238 K
Mair 28.964 h2o o3  (28.9641)
lineshape Gross ch4 co co2 n2o o2_uncoupled o3
lineshape VVW_coupled o2_coupled
lineshape VVH_750 h2o_lines
column dry_air hydrostatic (0.999986)  (2.12014e+22 cm^-2)
! Warning: Column included 3017 unresolved lines.
column h2o hydrostatic 5.88e-06  (1.24666e+17 cm^-2)
! Warning: Column included 328 unresolved lines.
column o3 hydrostatic 7.78e-06  (1.64949e+17 cm^-2)
! Warning: Column included 7915 unresolved lines.

layer stratosphere
# P 6 mbar
# T 234.695 K
# dP 2 mbar
Pbase 7 mbar
Tbase 231.9 K
Mair 28.964 h2o o3  (28.9641)
lineshape Gross ch4 co co2 n2o o2_uncoupled o3
lineshape VVW_coupled o2_coupled
lineshape VVH_750 h2o_lines
column dry_air hydrostatic (0.999986)  (4.24028e+22 cm^-2)
! Warning: Column included 3017 unresolved lines.
column h2o hydrostatic 5.54e-06  (2.34915e+17 cm^-2)
! Warning: Column included 328 unresolved lines.
column o3 hydrostatic 8e-06  (3.39227e+17 cm^-2)
! Warning: Column included 7915 unresolved lines.

layer stratosphere
# P 8.5 mbar
# T 229.505 K
# dP 3 mbar
Pbase 10 mbar
Tbase 227.5 K
Mair 28.964 h2o o3  (28.9641)
lineshape Gross ch4 co co2 n2o o2_uncoupled o3
lineshape VVW_coupled o2_coupled
lineshape VVH_750 h2o_lines
column dry_air hydrostatic (0.999987)  (6.36042e+22 cm^-2)
! Warning: Column included 3017 unresolved lines.
column h2o hydrostatic 5.15e-06  (3.27566e+17 cm^-2)
! Warning: Column included 328 unresolved lines.
column o3 hydrostatic 7.98e-06  (5.07568e+17 cm^-2)
! Warning: Column included 7915 unresolved lines.

layer stratosphere
# P 15 mbar
# T 223.756 K
# dP 10 mbar
Pbase 20 mbar
Tbase 221.1 K
Mair 28.964 h2o o3  (28.9641)
lineshape Gross ch4 co co2 n2o o2_uncoupled o3
lineshape VVW_coupled o2_coupled
lineshape VVH_750 h2o_lines
column dry_air hydrostatic (0.999988)  (2.12014e+23 cm^-2)
! Warning: Column included 3017 unresolved lines.
column h2o hydrostatic 4.79e-06  (1.01556e+18 cm^-2)
! Warning: Column included 328 unresolved lines.
column o3 hydrostatic 7.17e-06  (1.52016e+18 cm^-2)
! Warning: Column included 7915 unresolved lines.

layer stratosphere
# P 25 mbar
# T 218.899 K
# dP 10 mbar
Pbase 30 mbar
Tbase 217.1 K
Mair 28.964 h2o o3  (28.9641)
lineshape Gross ch4 co co2 n2o o2_uncoupled o3
lineshape VVW_coupled o2_coupled
lineshape VVH_750 h2o_lines
column dry_air hydrostatic (0.99999)  (2.12015e+23 cm^-2)
! Warning: Column included 3017 unresolved lines.
column h2o hydrostatic 4.58e-06  (9.71038e+17 cm^-2)
! Warning: Column included 328 unresolved lines.
column o3 hydrostatic 5.43e-06  (1.15125e+18 cm^-2)
! Warning: Column included 7915 unresolved lines.

layer stratosphere
# P 35 mbar
# T 215.492 K
# dP 10 mbar
Pbase 40 mbar
Tbase 214.1 K
Mair 28.964 h2o o3  (28.964)
lineshape Gross ch4 co co2 n2o o2_uncoupled o3
lineshape VVW_coupled o2_coupled
lineshape VVH_750 h2o_lines
column dry_air hydrostatic (0.999992)  (2.12016e+23 cm^-2)
! Warning: Column included 2575 unresolved lines.
column h2o hydrostatic 4.51e-06  (9.56198e+17 cm^-2)
! Warning: Column included 174 unresolved lines.
column o3 hydrostatic 3.66e-06  (7.75983e+17 cm^-2)
! Warning: Column included 4349 unresolved lines.

layer stratosphere
# P 45 mbar
# T 212.728 K
# dP 10 mbar
Pbase 50 mbar
Tbase 211.5 K
Mair 28.964 h2o o3  (28.964)
lineshape Gross ch4 co co2 n2o o2_uncoupled o3
lineshape VVW_coupled o2_coupled
lineshape VVH_750 h2o_lines
column dry_air hydrostatic (0.999993)  (2.12016e+23 cm^-2)
! Warning: Column included 2296 unresolved lines.
column h2o hydrostatic 4.42e-06  (9.37117e+17 cm^-2)
! Warning: Column included 101 unresolved lines.
column o3 hydrostatic 2.46e-06  (5.21563e+17 cm^-2)

layer stratosphere
# P 60 mbar
# T 207.599 K
# dP 20 mbar
Pbase 70 mbar
Tbase 204.3 K
Mair 28.964 h2o o3  (28.964)
lineshape Gross ch4 co co2 n2o o2_uncoupled o3
lineshape VVW_coupled o2_coupled
lineshape VVH_750 h2o_lines
column dry_air hydrostatic (0.999994)  (4.24033e+23 cm^-2)
! Warning: Column included 1725 unresolved lines.
column h2o hydrostatic 4.33e-06  (1.83607e+18 cm^-2)
! Warning: Column included 56 unresolved lines.
column o3 hydrostatic 1.39e-06  (5.89409e+17 cm^-2)

layer troposphere
# P 85 mbar
# T 202.613 K
# dP 30 mbar
Pbase 100 mbar
Tbase 201.2 K
Mair 28.964 h2o o3  (28.964)
lineshape Gross ch4 co co2 n2o o2_uncoupled o3
lineshape VVW_coupled o2_coupled
lineshape VVH_750 h2o_lines
column dry_air hydrostatic (0.999995)  (6.3605e+23 cm^-2)
! Warning: Column included 11 unresolved lines.
column h2o hydrostatic 4.94e-06  (3.1421e+18 cm^-2)  (* 1.00000)
! Warning: Column included 26 unresolved lines.
column o3 hydrostatic 4.99e-07  (3.17391e+17 cm^-2)

layer troposphere
# P 125 mbar
# T 205.438 K
# dP 50 mbar
Pbase 150 mbar
Tbase 208.9 K
Mair 28.964 h2o o3  (28.9639)
lineshape Gross ch4 co co2 n2o o2_uncoupled o3
lineshape VVW_coupled o2_coupled
lineshape VVH_750 h2o_lines
column dry_air hydrostatic (0.99999)  (1.06008e+24 cm^-2)
column h2o hydrostatic 9.73e-06  (1.03147e+19 cm^-2)  (* 1.00000)
! Warning: Column included 17 unresolved lines.
column o3 hydrostatic 1.44e-07  (1.52653e+17 cm^-2)

layer troposphere
# P 175 mbar
# T 213.937 K
# dP 50 mbar
Pbase 200 mbar
Tbase 218.3 K
Mair 28.964 h2o o3  (28.9637)
lineshape Gross ch4 co co2 n2o o2_uncoupled o3
lineshape VVW_coupled o2_coupled
lineshape VVH_750 h2o_lines
column dry_air hydrostatic (0.999973)  (1.06007e+24 cm^-2)
column h2o hydrostatic 2.74e-05  (2.90467e+19 cm^-2)  (* 1.00000)
! Warning: Column included 10 unresolved lines.
column o3 hydrostatic 7.64e-08  (8.09915e+16 cm^-2)

layer troposphere
# P 225 mbar
# T 223.526 K
# dP 50 mbar
Pbase 250 mbar
Tbase 228.2 K
Mair 28.964 h2o o3  (28.9633)
lineshape Gross ch4 co co2 n2o o2_uncoupled o3
lineshape VVW_coupled o2_coupled
lineshape VVH_750 h2o_lines
column dry_air hydrostatic (0.999934)  (1.06004e+24 cm^-2)
column h2o hydrostatic 6.57e-05  (6.96495e+19 cm^-2)  (* 1.00000)
! Warning: Column included 8 unresolved lines.
column o3 hydrostatic 5.91e-08  (6.26527e+16 cm^-2)

layer troposphere
# P 275 mbar
# T 232.905 K
# dP 50 mbar
Pbase 300 mbar
Tbase 237.2 K
Mair 28.964 h2o o3  (28.9627)
lineshape Gross ch4 co co2 n2o o2_uncoupled o3
lineshape VVW_coupled o2_coupled
lineshape VVH_750 h2o_lines
column dry_air hydrostatic (0.999884)  (1.06001e+24 cm^-2)
column h2o hydrostatic 0.000116  (1.22976e+20 cm^-2)  (* 1.00000)
! Warning: Column included 8 unresolved lines.
column o3 hydrostatic 5.3e-08  (5.61871e+16 cm^-2)

layer troposphere
# P 325 mbar
# T 241.354 K
# dP 50 mbar
Pbase 350 mbar
Tbase 245.2 K
Mair 28.964 h2o o3  (28.9622)
lineshape Gross ch4 co co2 n2o o2_uncoupled o3
lineshape VVW_coupled o2_coupled
lineshape VVH_750 h2o_lines
column dry_air hydrostatic (0.999832)  (1.05998e+24 cm^-2)
column h2o hydrostatic 0.000168  (1.78106e+20 cm^-2)  (* 1.00000)
! Warning: Column included 8 unresolved lines.
column o3 hydrostatic 4.97e-08  (5.26897e+16 cm^-2)

layer troposphere
# P 375 mbar
# T 248.765 K
# dP 50 mbar
Pbase 400 mbar
Tbase 252.1 K
Mair 28.964 h2o o3  (28.9616)
lineshape Gross ch4 co co2 n2o o2_uncoupled o3
lineshape VVW_coupled o2_coupled
lineshape VVH_750 h2o_lines
column dry_air hydrostatic (0.999777)  (1.05994e+24 cm^-2)
column h2o hydrostatic 0.000223  (2.36419e+20 cm^-2)  (* 1.00000)
! Warning: Column included 7 unresolved lines.
column o3 hydrostatic 4.78e-08  (5.06765e+16 cm^-2)

layer troposphere
# P 425 mbar
# T 255.291 K
# dP 50 mbar
Pbase 450 mbar
Tbase 258.3 K
Mair 28.964 h2o o3  (28.9607)
lineshape Gross ch4 co co2 n2o o2_uncoupled o3
lineshape VVW_coupled o2_coupled
lineshape VVH_750 h2o_lines
column dry_air hydrostatic (0.999697)  (1.05989e+24 cm^-2)
column h2o hydrostatic 0.000303  (3.21243e+20 cm^-2)  (* 1.00000)
column o3 hydrostatic 4.64e-08  (4.91937e+16 cm^-2)

layer troposphere
# P 475 mbar
# T 261.071 K
# dP 50 mbar
Pbase 500 mbar
Tbase 263.7 K
Mair 28.964 h2o o3  (28.9591)
lineshape Gross ch4 co co2 n2o o2_uncoupled o3
lineshape VVW_coupled o2_coupled
lineshape VVH_750 h2o_lines
column dry_air hydrostatic (0.999556)  (1.05979e+24 cm^-2)
column h2o hydrostatic 0.000444  (4.70758e+20 cm^-2)  (* 1.00000)
column o3 hydrostatic 4.52e-08  (4.7924e+16 cm^-2)

layer troposphere
# P 521 mbar
# T 265.944 K
# dP 42 mbar
Pbase 542 mbar (observing level)
Tbase 268.1 K
Mair 28.964 h2o o3  (28.9568)
lineshape Gross ch4 co co2 n2o o2_uncoupled o3
lineshape VVW_coupled o2_coupled
lineshape VVH_750 h2o_lines
column dry_air hydrostatic (0.999346)  (8.90111e+23 cm^-2)
column h2o hydrostatic 0.000654  (5.82514e+20 cm^-2)  (* 1.00000)
column o3 hydrostatic 4.43e-08  (3.94577e+16 cm^-2)

#
# column densities [cm^-2], including scale factors
#
#                           zenith             line-of-sight     
# mesosphere (5 layers):
#                  dry_air  1.484112e+22       1.484112e+22      
#                      h2o  1.008781e+17       1.008781e+17      
#                            (0.0301786 um_pwv) (0.0301786 um_pwv)
#                       o3  2.718068e+16       2.718068e+16      
#                            (1.01164 DU)       (1.01164 DU)      
#
# stratosphere (12 layers):
#                  dry_air  1.469267e+24       1.469267e+24      
#                      h2o  6.849430e+18       6.849430e+18      
#                            (2.04907 um_pwv)   (2.04907 um_pwv)  
#                       o3  5.955752e+18       5.955752e+18      
#                            (221.667 DU)       (221.667 DU)      
#
# troposphere (10 layers):
#                  dry_air  1.000597e+25       1.000597e+25      
#                      h2o  2.024169e+21       2.024169e+21      
#                            (605.549 um_pwv)   (605.549 um_pwv)  
#                       o3  9.098167e+17       9.098167e+17      
#                            (33.8625 DU)       (33.8625 DU)      
#
# total (27 layers):
#                  dry_air  1.149007e+25       1.149007e+25      
#                      h2o  2.031119e+21       2.031119e+21      
#                            (607.628 um_pwv)   (607.628 um_pwv)  
#                       o3  6.892749e+18       6.892749e+18      
#                            (256.541 DU)       (256.541 DU)      
#

! Warning: Encountered in-band lines narrower than the frequency
!          grid spacing.  The output configuration data includes
!          the unresolved line count after each column definition
!          for which this occurred.  Count: 136

