# am version 13.0 (build date Sep 26 2023 19:26:47)

# run time 0.384 s
# dcache hit: 65  miss: 45  discard: 45

f 1 GHz  350 GHz  100 MHz
output f GHz  tau neper  Tb K

tol 0.0001
selfbroad_vmr_tol 0.003

geometry plane-parallel
refract none
za 0 deg
PTmode Pbase Tbase

g 980.665 cm*s^-2
dg_dz 0 s^-2

T0 0 K

layer
# P 1 mbar
# T 265.602 K
# dP 1 mbar
Pbase 1 mbar
Tbase 265.602 K
Mair 28.964 h2o o3  (28.964)
lineshape Gross ch4 co co2 n2o o2_uncoupled o3
lineshape VVW_coupled o2_coupled
lineshape VVH_750 h2o_lines
column dry_air hydrostatic (0.999991)  (2.12016e+22 cm^-2)
! Warning: Column included 3017 unresolved lines.
column o3 hydrostatic 2.934e-06  (6.2206e+16 cm^-2)
! Warning: Column included 7915 unresolved lines.
column h2o hydrostatic 6e-06  (1.27211e+17 cm^-2)
! Warning: Column included 328 unresolved lines.

layer
# P 1.5 mbar
# T 262.235 K
# dP 1 mbar
Pbase 2 mbar
Tbase 259.846 K
Mair 28.964 h2o o3  (28.964)
lineshape Gross ch4 co co2 n2o o2_uncoupled o3
lineshape VVW_coupled o2_coupled
lineshape VVH_750 h2o_lines
column dry_air hydrostatic (0.99999)  (2.12015e+22 cm^-2)
! Warning: Column included 3017 unresolved lines.
column o3 hydrostatic 4.058e-06  (8.60367e+16 cm^-2)
! Warning: Column included 7915 unresolved lines.
column h2o hydrostatic 5.8e-06  (1.2297e+17 cm^-2)
! Warning: Column included 328 unresolved lines.

layer
# P 2.5 mbar
# T 255.922 K
# dP 1 mbar
Pbase 3 mbar
Tbase 252.715 K
Mair 28.964 h2o o3  (28.9641)
lineshape Gross ch4 co co2 n2o o2_uncoupled o3
lineshape VVW_coupled o2_coupled
lineshape VVH_750 h2o_lines
column dry_air hydrostatic (0.999988)  (2.12015e+22 cm^-2)
! Warning: Column included 3017 unresolved lines.
column o3 hydrostatic 5.97e-06  (1.26574e+17 cm^-2)
! Warning: Column included 7915 unresolved lines.
column h2o hydrostatic 5.6e-06  (1.1873e+17 cm^-2)
! Warning: Column included 328 unresolved lines.

layer
# P 3.5 mbar
# T 249.786 K
# dP 1 mbar
Pbase 4 mbar
Tbase 247.248 K
Mair 28.964 h2o o3  (28.9641)
lineshape Gross ch4 co co2 n2o o2_uncoupled o3
lineshape VVW_coupled o2_coupled
lineshape VVH_750 h2o_lines
column dry_air hydrostatic (0.999987)  (2.12014e+22 cm^-2)
! Warning: Column included 3017 unresolved lines.
column o3 hydrostatic 7.101e-06  (1.50553e+17 cm^-2)
! Warning: Column included 7915 unresolved lines.
column h2o hydrostatic 5.5e-06  (1.16609e+17 cm^-2)
! Warning: Column included 328 unresolved lines.

layer
# P 4.5 mbar
# T 245.036 K
# dP 1 mbar
Pbase 5 mbar
Tbase 243.057 K
Mair 28.964 h2o o3  (28.9641)
lineshape Gross ch4 co co2 n2o o2_uncoupled o3
lineshape VVW_coupled o2_coupled
lineshape VVH_750 h2o_lines
column dry_air hydrostatic (0.999987)  (2.12014e+22 cm^-2)
! Warning: Column included 3017 unresolved lines.
column o3 hydrostatic 7.783e-06  (1.65013e+17 cm^-2)
! Warning: Column included 7915 unresolved lines.
column h2o hydrostatic 5.3e-06  (1.12369e+17 cm^-2)
! Warning: Column included 328 unresolved lines.

layer
# P 5.5 mbar
# T 241.435 K
# dP 1 mbar
Pbase 6 mbar
Tbase 239.955 K
Mair 28.964 h2o o3  (28.9641)
lineshape Gross ch4 co co2 n2o o2_uncoupled o3
lineshape VVW_coupled o2_coupled
lineshape VVH_750 h2o_lines
column dry_air hydrostatic (0.999986)  (2.12014e+22 cm^-2)
! Warning: Column included 3017 unresolved lines.
column o3 hydrostatic 8.208e-06  (1.74023e+17 cm^-2)
! Warning: Column included 7915 unresolved lines.
column h2o hydrostatic 5.3e-06  (1.12369e+17 cm^-2)
! Warning: Column included 328 unresolved lines.

layer
# P 6.5 mbar
# T 238.631 K
# dP 1 mbar
Pbase 7 mbar
Tbase 237.406 K
Mair 28.964 h2o o3  (28.9641)
lineshape Gross ch4 co co2 n2o o2_uncoupled o3
lineshape VVW_coupled o2_coupled
lineshape VVH_750 h2o_lines
column dry_air hydrostatic (0.999986)  (2.12014e+22 cm^-2)
! Warning: Column included 3017 unresolved lines.
column o3 hydrostatic 8.376e-06  (1.77585e+17 cm^-2)
! Warning: Column included 7915 unresolved lines.
column h2o hydrostatic 5.2e-06  (1.10249e+17 cm^-2)
! Warning: Column included 328 unresolved lines.

layer
# P 7.5 mbar
# T 236.394 K
# dP 1 mbar
Pbase 8 mbar
Tbase 235.447 K
Mair 28.964 h2o o3  (28.9641)
lineshape Gross ch4 co co2 n2o o2_uncoupled o3
lineshape VVW_coupled o2_coupled
lineshape VVH_750 h2o_lines
column dry_air hydrostatic (0.999986)  (2.12014e+22 cm^-2)
! Warning: Column included 3017 unresolved lines.
column o3 hydrostatic 8.434e-06  (1.78815e+17 cm^-2)
! Warning: Column included 7915 unresolved lines.
column h2o hydrostatic 5.1e-06  (1.08129e+17 cm^-2)
! Warning: Column included 328 unresolved lines.

layer
# P 8.5 mbar
# T 234.513 K
# dP 1 mbar
Pbase 9 mbar
Tbase 233.632 K
Mair 28.964 h2o o3  (28.9641)
lineshape Gross ch4 co co2 n2o o2_uncoupled o3
lineshape VVW_coupled o2_coupled
lineshape VVH_750 h2o_lines
column dry_air hydrostatic (0.999987)  (2.12014e+22 cm^-2)
! Warning: Column included 3017 unresolved lines.
column o3 hydrostatic 8.381e-06  (1.77691e+17 cm^-2)
! Warning: Column included 7915 unresolved lines.
column h2o hydrostatic 5.1e-06  (1.08129e+17 cm^-2)
! Warning: Column included 328 unresolved lines.

layer
# P 9.5 mbar
# T 232.939 K
# dP 1 mbar
Pbase 10 mbar
Tbase 232.281 K
Mair 28.964 h2o o3  (28.9641)
lineshape Gross ch4 co co2 n2o o2_uncoupled o3
lineshape VVW_coupled o2_coupled
lineshape VVH_750 h2o_lines
column dry_air hydrostatic (0.999987)  (2.12014e+22 cm^-2)
! Warning: Column included 3017 unresolved lines.
column o3 hydrostatic 8.329e-06  (1.76589e+17 cm^-2)
! Warning: Column included 7915 unresolved lines.
column h2o hydrostatic 5e-06  (1.06008e+17 cm^-2)
! Warning: Column included 328 unresolved lines.

layer
# P 10.5 mbar
# T 231.589 K
# dP 1 mbar
Pbase 11 mbar (observing level)
Tbase 230.93 K
Mair 28.964 h2o o3  (28.9641)
lineshape Gross ch4 co co2 n2o o2_uncoupled o3
lineshape VVW_coupled o2_coupled
lineshape VVH_750 h2o_lines
column dry_air hydrostatic (0.999987)  (2.12014e+22 cm^-2)
! Warning: Column included 3017 unresolved lines.
column o3 hydrostatic 8.23e-06  (1.7449e+17 cm^-2)
! Warning: Column included 7915 unresolved lines.
column h2o hydrostatic 5e-06  (1.06008e+17 cm^-2)
! Warning: Column included 328 unresolved lines.

#
# column densities [cm^-2], including scale factors
#
#                           zenith             line-of-sight     
# total (11 layers):
#                  dry_air  2.332157e+23       2.332157e+23      
#                      h2o  1.248780e+18       1.248780e+18      
#                            (0.373584 um_pwv)  (0.373584 um_pwv) 
#                       o3  1.649576e+18       1.649576e+18      
#                            (61.3956 DU)       (61.3956 DU)      
#

! Warning: Encountered in-band lines narrower than the frequency
!          grid spacing.  The output configuration data includes
!          the unresolved line count after each column definition
!          for which this occurred.  Count: 88

